  billboard.cpp
  bullet.cpp
  bulletUI.cpp
  camera.cpp
  character.cpp
  collision.cpp
  debugproc.cpp
  dispdetection.cpp
  displife.cpp
  effect.cpp
  effectline.cpp
  effectsord.cpp
  enemy.cpp
  enemyBoss.cpp
  enemymanager.cpp
  enemymedBoss.cpp
  enemyweak.cpp
  explosion.cpp
  fade.cpp
  field.cpp
  コンパイル中...
  frame.cpp
  game.cpp
  gameUI.cpp
  icon.cpp
  impact.cpp
  input.cpp
  item.cpp
  itemicon.cpp
  itemslot.cpp
  life.cpp
  lifegage.cpp
  light.cpp
  main.cpp
  manager.cpp
  map.cpp
  model.cpp
  motion.cpp
  number.cpp
  object.cpp
  object2D.cpp
  コンパイル中...
  object3D.cpp
  objectMesh.cpp
  objectX.cpp
  particl.cpp
  pause.cpp
  player.cpp
  ranking.cpp
  rankinglogo.cpp
  renderer.cpp
  result.cpp
  score.cpp
  shadow.cpp
  sky.cpp
  slot.cpp
  target.cpp
  texture.cpp
  time.cpp
  title.cpp
  titleUI.cpp
  titlelogo.cpp
  コンパイル中...
  tutorial.cpp
  tutorialAI.cpp
  tutorialUI.cpp
  tutoriallogo.cpp
  コード生成しています。
  0 of 774 functions ( 0.0%) were compiled, the rest were copied from previous compilation.
    0 functions were new in current compilation
    0 functions had inline decision re-evaluated but remain unchanged
  コード生成が終了しました。
  sample003.vcxproj -> C:\Users\student\Desktop\吉田学園_大原怜将\Work\正義道\プロジェクトファイル\sample003.exe
